<?xml version="1.0" encoding="UTF-8"?>
<testng-results skipped="0" failed="0" ignored="0" total="4" passed="4">
  <reporter-output>
  </reporter-output>
  <suite name="Default suite" duration-ms="39219" started-at="2022-05-22T07:38:31Z" finished-at="2022-05-22T07:39:11Z">
    <groups>
    </groups>
    <test name="Default test" duration-ms="39219" started-at="2022-05-22T07:38:31Z" finished-at="2022-05-22T07:39:11Z">
      <class name="qaautomation.may2022.WebUpdatePOM">
        <test-method status="PASS" signature="setUp()[pri:0, instance:qaautomation.may2022.WebUpdatePOM@229d10bd]" name="setUp" is-config="true" duration-ms="10004" started-at="2022-05-22T07:38:31Z" finished-at="2022-05-22T07:38:41Z">
          <reporter-output>
          </reporter-output>
        </test-method> <!-- setUp -->
        <test-method status="PASS" signature="testLogin()[pri:0, instance:qaautomation.may2022.WebUpdatePOM@229d10bd]" name="testLogin" duration-ms="1158" started-at="2022-05-22T07:38:42Z" finished-at="2022-05-22T07:38:43Z">
          <reporter-output>
          </reporter-output>
        </test-method> <!-- testLogin -->
        <test-method status="PASS" signature="tearDown()[pri:0, instance:qaautomation.may2022.WebUpdatePOM@229d10bd]" name="tearDown" is-config="true" duration-ms="856" started-at="2022-05-22T07:38:43Z" finished-at="2022-05-22T07:38:44Z">
          <reporter-output>
          </reporter-output>
        </test-method> <!-- tearDown -->
        <test-method status="PASS" signature="setUp()[pri:0, instance:qaautomation.may2022.WebUpdatePOM@229d10bd]" name="setUp" is-config="true" duration-ms="6568" started-at="2022-05-22T07:38:44Z" finished-at="2022-05-22T07:38:50Z">
          <reporter-output>
          </reporter-output>
        </test-method> <!-- setUp -->
        <test-method status="PASS" signature="testLoginFailedWrongPassword()[pri:0, instance:qaautomation.may2022.WebUpdatePOM@229d10bd]" name="testLoginFailedWrongPassword" duration-ms="983" started-at="2022-05-22T07:38:50Z" finished-at="2022-05-22T07:38:51Z">
          <reporter-output>
          </reporter-output>
        </test-method> <!-- testLoginFailedWrongPassword -->
        <test-method status="PASS" signature="tearDown()[pri:0, instance:qaautomation.may2022.WebUpdatePOM@229d10bd]" name="tearDown" is-config="true" duration-ms="836" started-at="2022-05-22T07:38:51Z" finished-at="2022-05-22T07:38:52Z">
          <reporter-output>
          </reporter-output>
        </test-method> <!-- tearDown -->
        <test-method status="PASS" signature="setUp()[pri:0, instance:qaautomation.may2022.WebUpdatePOM@229d10bd]" name="setUp" is-config="true" duration-ms="8007" started-at="2022-05-22T07:38:52Z" finished-at="2022-05-22T07:39:00Z">
          <reporter-output>
          </reporter-output>
        </test-method> <!-- setUp -->
        <test-method status="PASS" signature="testLoginFailedWrongUsername()[pri:0, instance:qaautomation.may2022.WebUpdatePOM@229d10bd]" name="testLoginFailedWrongUsername" duration-ms="1011" started-at="2022-05-22T07:39:00Z" finished-at="2022-05-22T07:39:01Z">
          <reporter-output>
          </reporter-output>
        </test-method> <!-- testLoginFailedWrongUsername -->
        <test-method status="PASS" signature="tearDown()[pri:0, instance:qaautomation.may2022.WebUpdatePOM@229d10bd]" name="tearDown" is-config="true" duration-ms="812" started-at="2022-05-22T07:39:01Z" finished-at="2022-05-22T07:39:02Z">
          <reporter-output>
          </reporter-output>
        </test-method> <!-- tearDown -->
        <test-method status="PASS" signature="setUp()[pri:0, instance:qaautomation.may2022.WebUpdatePOM@229d10bd]" name="setUp" is-config="true" duration-ms="6916" started-at="2022-05-22T07:39:02Z" finished-at="2022-05-22T07:39:09Z">
          <reporter-output>
          </reporter-output>
        </test-method> <!-- setUp -->
        <test-method status="PASS" signature="testLoginFailedWrongUsernameandPassword()[pri:0, instance:qaautomation.may2022.WebUpdatePOM@229d10bd]" name="testLoginFailedWrongUsernameandPassword" duration-ms="1055" started-at="2022-05-22T07:39:09Z" finished-at="2022-05-22T07:39:10Z">
          <reporter-output>
          </reporter-output>
        </test-method> <!-- testLoginFailedWrongUsernameandPassword -->
        <test-method status="PASS" signature="tearDown()[pri:0, instance:qaautomation.may2022.WebUpdatePOM@229d10bd]" name="tearDown" is-config="true" duration-ms="812" started-at="2022-05-22T07:39:10Z" finished-at="2022-05-22T07:39:11Z">
          <reporter-output>
          </reporter-output>
        </test-method> <!-- tearDown -->
      </class> <!-- qaautomation.may2022.WebUpdatePOM -->
    </test> <!-- Default test -->
  </suite> <!-- Default suite -->
</testng-results>
