<?xml version="1.0" encoding="UTF-8"?>
<!-- Generated by org.testng.reporters.JUnitXMLReporter -->
<testsuite hostname="DESKTOP-S2JJO36" ignored="0" name="Default test" tests="4" failures="0" timestamp="22 May 2022 07:39:11 GMT" time="39.219" errors="0">
  <testcase name="testLogin" time="1.158" classname="qaautomation.may2022.WebUpdatePOM"/>
  <testcase name="testLoginFailedWrongPassword" time="0.983" classname="qaautomation.may2022.WebUpdatePOM"/>
  <testcase name="testLoginFailedWrongUsername" time="1.011" classname="qaautomation.may2022.WebUpdatePOM"/>
  <testcase name="testLoginFailedWrongUsernameandPassword" time="1.055" classname="qaautomation.may2022.WebUpdatePOM"/>
</testsuite> <!-- Default test -->
