<?xml version="1.0" encoding="UTF-8"?>
<!-- Generated by org.testng.reporters.JUnitXMLReporter -->
<testsuite hostname="DESKTOP-S2JJO36" ignored="0" name="Test" tests="5" failures="0" timestamp="22 May 2022 06:53:57 GMT" time="30.539" errors="0">
  <testcase name="testLogin" time="1.304" classname="qaautomation.may2022.WebTestAfterRefactor"/>
  <testcase name="testLoginFailedWrongPassword" time="1.404" classname="qaautomation.may2022.WebTestAfterRefactor"/>
  <testcase name="testLoginFailedWrongUsername" time="0.983" classname="qaautomation.may2022.WebTestAfterRefactor"/>
  <testcase name="testLoginFailedWrongUsernameandPassword" time="0.895" classname="qaautomation.may2022.WebTestAfterRefactor"/>
  <testcase name="shouldAnswerWithTrue" time="0.003" classname="qaautomation.may2022.AppTest"/>
</testsuite> <!-- Test -->
