<?xml version="1.0" encoding="UTF-8"?>
<testng-results skipped="0" failed="0" ignored="0" total="1" passed="1">
  <reporter-output>
  </reporter-output>
  <suite name="Default suite" duration-ms="14428" started-at="2022-05-31T01:12:02Z" finished-at="2022-05-31T01:12:17Z">
    <groups>
    </groups>
    <test name="Default test" duration-ms="14428" started-at="2022-05-31T01:12:02Z" finished-at="2022-05-31T01:12:17Z">
      <class name="tugasAutomation.Tugas.WebDriverInit">
        <test-method status="PASS" signature="setUp()[pri:0, instance:tugasAutomation.Tugas.WebDriverInit@25d250c6]" name="setUp" is-config="true" duration-ms="11088" started-at="2022-05-31T01:12:02Z" finished-at="2022-05-31T01:12:13Z">
          <reporter-output>
          </reporter-output>
        </test-method> <!-- setUp -->
        <test-method status="PASS" signature="login()[pri:0, instance:tugasAutomation.Tugas.WebDriverInit@25d250c6]" name="login" duration-ms="2066" started-at="2022-05-31T01:12:14Z" finished-at="2022-05-31T01:12:16Z">
          <reporter-output>
          </reporter-output>
        </test-method> <!-- login -->
        <test-method status="PASS" signature="tearDown()[pri:0, instance:tugasAutomation.Tugas.WebDriverInit@25d250c6]" name="tearDown" is-config="true" duration-ms="907" started-at="2022-05-31T01:12:16Z" finished-at="2022-05-31T01:12:17Z">
          <reporter-output>
          </reporter-output>
        </test-method> <!-- tearDown -->
      </class> <!-- tugasAutomation.Tugas.WebDriverInit -->
    </test> <!-- Default test -->
  </suite> <!-- Default suite -->
</testng-results>
