<?xml version="1.0" encoding="UTF-8"?>
<testng-results skipped="0" failed="0" ignored="0" total="2" passed="2">
  <reporter-output>
  </reporter-output>
  <suite name="Default suite" duration-ms="10488" started-at="2022-05-31T08:21:41Z" finished-at="2022-05-31T08:21:52Z">
    <groups>
    </groups>
    <test name="Default test" duration-ms="10488" started-at="2022-05-31T08:21:41Z" finished-at="2022-05-31T08:21:52Z">
      <class name="qaautomation.may2022.GraphQLTest">
        <test-method status="PASS" signature="checkCEO()[pri:0, instance:qaautomation.may2022.GraphQLTest@7d3a22a9]" name="checkCEO" duration-ms="7902" started-at="2022-05-31T08:21:42Z" finished-at="2022-05-31T08:21:49Z">
          <reporter-output>
          </reporter-output>
        </test-method> <!-- checkCEO -->
        <test-method status="PASS" signature="getLaunchesWithVariable()[pri:0, instance:qaautomation.may2022.GraphQLTest@7d3a22a9]" name="getLaunchesWithVariable" duration-ms="2392" started-at="2022-05-31T08:21:50Z" finished-at="2022-05-31T08:21:52Z">
          <reporter-output>
          </reporter-output>
        </test-method> <!-- getLaunchesWithVariable -->
      </class> <!-- qaautomation.may2022.GraphQLTest -->
    </test> <!-- Default test -->
  </suite> <!-- Default suite -->
</testng-results>
