<?xml version="1.0" encoding="UTF-8"?>
<testng-results skipped="0" failed="0" ignored="0" total="1" passed="1">
  <reporter-output>
  </reporter-output>
  <suite name="Default suite" duration-ms="10916" started-at="2022-05-27T04:28:31Z" finished-at="2022-05-27T04:28:41Z">
    <groups>
    </groups>
    <test name="Default test" duration-ms="10916" started-at="2022-05-27T04:28:31Z" finished-at="2022-05-27T04:28:41Z">
      <class name="tugasAutomation.Tugas.BuyProductTest">
        <test-method status="PASS" signature="setUp()[pri:0, instance:tugasAutomation.Tugas.BuyProductTest@3901d134]" name="setUp" is-config="true" duration-ms="8449" started-at="2022-05-27T04:28:31Z" finished-at="2022-05-27T04:28:39Z">
          <reporter-output>
          </reporter-output>
        </test-method> <!-- setUp -->
        <test-method status="PASS" signature="buyProduct()[pri:0, instance:tugasAutomation.Tugas.BuyProductTest@3901d134]" name="buyProduct" duration-ms="1324" started-at="2022-05-27T04:28:39Z" finished-at="2022-05-27T04:28:41Z">
          <reporter-output>
          </reporter-output>
        </test-method> <!-- buyProduct -->
        <test-method status="PASS" signature="tearDown()[pri:0, instance:tugasAutomation.Tugas.BuyProductTest@3901d134]" name="tearDown" is-config="true" duration-ms="833" started-at="2022-05-27T04:28:41Z" finished-at="2022-05-27T04:28:41Z">
          <reporter-output>
          </reporter-output>
        </test-method> <!-- tearDown -->
      </class> <!-- tugasAutomation.Tugas.BuyProductTest -->
    </test> <!-- Default test -->
  </suite> <!-- Default suite -->
</testng-results>
